# JRE version: Java(TM) SE Runtime Environment (8.0_131-b11) (build 1.8.0_131-b11)
# Java VM: Java HotSpot(TM) 64-Bit Server VM (25.131-b11 mixed mode windows-amd64 compressed oops)
Heap:
 PSYoungGen      total 616960K, used 140172K [0x00000000d6600000, 0x00000000fc500000, 0x0000000100000000)
  eden space 612352K, 22% used [0x00000000d6600000,0x00000000dec6f1f0,0x00000000fbc00000)
  from space 4608K, 54% used [0x00000000fbc00000,0x00000000fbe740c0,0x00000000fc080000)
  to   space 3072K, 0% used [0x00000000fc200000,0x00000000fc200000,0x00000000fc500000)
 ParOldGen       total 128000K, used 44029K [0x0000000083200000, 0x000000008af00000, 0x00000000d6600000)
  object space 128000K, 34% used [0x0000000083200000,0x0000000085cff498,0x000000008af00000)
 Metaspace       used 48958K, capacity 49838K, committed 50136K, reserved 1093632K
  class space    used 6429K, capacity 6650K, committed 6656K, reserved 1048576K
GC Heap History (10 events):
Event: 716.158 GC heap before
{Heap before GC invocations=1048 (full 3):
 PSYoungGen      total 615424K, used 614496K [0x00000000d6600000, 0x00000000fc500000, 0x0000000100000000)
  eden space 612352K, 100% used [0x00000000d6600000,0x00000000fbc00000,0x00000000fbc00000)
  from space 3072K, 69% used [0x00000000fc200000,0x00000000fc418050,0x00000000fc500000)
  to   space 4608K, 0% used [0x00000000fbc00000,0x00000000fbc00000,0x00000000fc080000)
 ParOldGen       total 128000K, used 43716K [0x0000000083200000, 0x000000008af00000, 0x00000000d6600000)
  object space 128000K, 34% used [0x0000000083200000,0x0000000085cb13d8,0x000000008af00000)
 Metaspace       used 48958K, capacity 49838K, committed 50136K, reserved 1093632K
  class space    used 6429K, capacity 6650K, committed 6656K, reserved 1048576K
Event: 716.162 GC heap after
Heap after GC invocations=1048 (full 3):
 PSYoungGen      total 616960K, used 2304K [0x00000000d6600000, 0x00000000fc500000, 0x0000000100000000)
  eden space 612352K, 0% used [0x00000000d6600000,0x00000000d6600000,0x00000000fbc00000)
  from space 4608K, 50% used [0x00000000fbc00000,0x00000000fbe40030,0x00000000fc080000)
  to   space 3072K, 0% used [0x00000000fc200000,0x00000000fc200000,0x00000000fc500000)
 ParOldGen       total 128000K, used 43788K [0x0000000083200000, 0x000000008af00000, 0x00000000d6600000)
  object space 128000K, 34% used [0x0000000083200000,0x0000000085cc33f8,0x000000008af00000)
 Metaspace       used 48958K, capacity 49838K, committed 50136K, reserved 1093632K
  class space    used 6429K, capacity 6650K, committed 6656K, reserved 1048576K
}
Event: 716.965 GC heap before
{Heap before GC invocations=1049 (full 3):
 PSYoungGen      total 616960K, used 614656K [0x00000000d6600000, 0x00000000fc500000, 0x0000000100000000)
  eden space 612352K, 100% used [0x00000000d6600000,0x00000000fbc00000,0x00000000fbc00000)
  from space 4608K, 50% used [0x00000000fbc00000,0x00000000fbe40030,0x00000000fc080000)
  to   space 3072K, 0% used [0x00000000fc200000,0x00000000fc200000,0x00000000fc500000)
 ParOldGen       total 128000K, used 43788K [0x0000000083200000, 0x000000008af00000, 0x00000000d6600000)
  object space 128000K, 34% used [0x0000000083200000,0x0000000085cc33f8,0x000000008af00000)
 Metaspace       used 48958K, capacity 49838K, committed 50136K, reserved 1093632K
  class space    used 6429K, capacity 6650K, committed 6656K, reserved 1048576K
Event: 716.969 GC heap after
Heap after GC invocations=1049 (full 3):
 PSYoungGen      total 615424K, used 2560K [0x00000000d6600000, 0x00000000fc500000, 0x0000000100000000)
  eden space 612352K, 0% used [0x00000000d6600000,0x00000000d6600000,0x00000000fbc00000)
  from space 3072K, 83% used [0x00000000fc200000,0x00000000fc480070,0x00000000fc500000)
  to   space 4608K, 0% used [0x00000000fbc00000,0x00000000fbc00000,0x00000000fc080000)
 ParOldGen       total 128000K, used 43836K [0x0000000083200000, 0x000000008af00000, 0x00000000d6600000)
  object space 128000K, 34% used [0x0000000083200000,0x0000000085ccf3f8,0x000000008af00000)
 Metaspace       used 48958K, capacity 49838K, committed 50136K, reserved 1093632K
  class space    used 6429K, capacity 6650K, committed 6656K, reserved 1048576K
}
Event: 717.779 GC heap before
{Heap before GC invocations=1050 (full 3):
 PSYoungGen      total 615424K, used 614912K [0x00000000d6600000, 0x00000000fc500000, 0x0000000100000000)
  eden space 612352K, 100% used [0x00000000d6600000,0x00000000fbc00000,0x00000000fbc00000)
  from space 3072K, 83% used [0x00000000fc200000,0x00000000fc480070,0x00000000fc500000)
  to   space 4608K, 0% used [0x00000000fbc00000,0x00000000fbc00000,0x00000000fc080000)
 ParOldGen       total 128000K, used 43836K [0x0000000083200000, 0x000000008af00000, 0x00000000d6600000)
  object space 128000K, 34% used [0x0000000083200000,0x0000000085ccf3f8,0x000000008af00000)
 Metaspace       used 48958K, capacity 49838K, committed 50136K, reserved 1093632K
  class space    used 6429K, capacity 6650K, committed 6656K, reserved 1048576K
Event: 717.783 GC heap after
Heap after GC invocations=1050 (full 3):
 PSYoungGen      total 616960K, used 2496K [0x00000000d6600000, 0x00000000fc500000, 0x0000000100000000)
  eden space 612352K, 0% used [0x00000000d6600000,0x00000000d6600000,0x00000000fbc00000)
  from space 4608K, 54% used [0x00000000fbc00000,0x00000000fbe70090,0x00000000fc080000)
  to   space 3072K, 0% used [0x00000000fc200000,0x00000000fc200000,0x00000000fc500000)
 ParOldGen       total 128000K, used 43893K [0x0000000083200000, 0x000000008af00000, 0x00000000d6600000)
  object space 128000K, 34% used [0x0000000083200000,0x0000000085cdd418,0x000000008af00000)
 Metaspace       used 48958K, capacity 49838K, committed 50136K, reserved 1093632K
  class space    used 6429K, capacity 6650K, committed 6656K, reserved 1048576K
}
Event: 718.755 GC heap before
{Heap before GC invocations=1051 (full 3):
 PSYoungGen      total 616960K, used 614848K [0x00000000d6600000, 0x00000000fc500000, 0x0000000100000000)
  eden space 612352K, 100% used [0x00000000d6600000,0x00000000fbc00000,0x00000000fbc00000)
  from space 4608K, 54% used [0x00000000fbc00000,0x00000000fbe70090,0x00000000fc080000)
  to   space 3072K, 0% used [0x00000000fc200000,0x00000000fc200000,0x00000000fc500000)
 ParOldGen       total 128000K, used 43893K [0x0000000083200000, 0x000000008af00000, 0x00000000d6600000)
  object space 128000K, 34% used [0x0000000083200000,0x0000000085cdd418,0x000000008af00000)
 Metaspace       used 48958K, capacity 49838K, committed 50136K, reserved 1093632K
  class space    used 6429K, capacity 6650K, committed 6656K, reserved 1048576K
Event: 718.761 GC heap after
Heap after GC invocations=1051 (full 3):
 PSYoungGen      total 615424K, used 1280K [0x00000000d6600000, 0x00000000fc500000, 0x0000000100000000)
  eden space 612352K, 0% used [0x00000000d6600000,0x00000000d6600000,0x00000000fbc00000)
  from space 3072K, 41% used [0x00000000fc200000,0x00000000fc340090,0x00000000fc500000)
  to   space 4608K, 0% used [0x00000000fbc00000,0x00000000fbc00000,0x00000000fc080000)
 ParOldGen       total 128000K, used 43957K [0x0000000083200000, 0x000000008af00000, 0x00000000d6600000)
  object space 128000K, 34% used [0x0000000083200000,0x0000000085ced478,0x000000008af00000)
 Metaspace       used 48958K, capacity 49838K, committed 50136K, reserved 1093632K
  class space    used 6429K, capacity 6650K, committed 6656K, reserved 1048576K
}
Event: 719.682 GC heap before
{Heap before GC invocations=1052 (full 3):
 PSYoungGen      total 615424K, used 613632K [0x00000000d6600000, 0x00000000fc500000, 0x0000000100000000)
  eden space 612352K, 100% used [0x00000000d6600000,0x00000000fbc00000,0x00000000fbc00000)
  from space 3072K, 41% used [0x00000000fc200000,0x00000000fc340090,0x00000000fc500000)
  to   space 4608K, 0% used [0x00000000fbc00000,0x00000000fbc00000,0x00000000fc080000)
 ParOldGen       total 128000K, used 43957K [0x0000000083200000, 0x000000008af00000, 0x00000000d6600000)
  object space 128000K, 34% used [0x0000000083200000,0x0000000085ced478,0x000000008af00000)
 Metaspace       used 48958K, capacity 49838K, committed 50136K, reserved 1093632K
  class space    used 6429K, capacity 6650K, committed 6656K, reserved 1048576K
Event: 719.688 GC heap after
Heap after GC invocations=1052 (full 3):
 PSYoungGen      total 616960K, used 2512K [0x00000000d6600000, 0x00000000fc500000, 0x0000000100000000)
  eden space 612352K, 0% used [0x00000000d6600000,0x00000000d6600000,0x00000000fbc00000)
  from space 4608K, 54% used [0x00000000fbc00000,0x00000000fbe740c0,0x00000000fc080000)
  to   space 3072K, 0% used [0x00000000fc200000,0x00000000fc200000,0x00000000fc500000)
 ParOldGen       total 128000K, used 44029K [0x0000000083200000, 0x000000008af00000, 0x00000000d6600000)
  object space 128000K, 34% used [0x0000000083200000,0x0000000085cff498,0x000000008af00000)
 Metaspace       used 48958K, capacity 49838K, committed 50136K, reserved 1093632K
  class space    used 6429K, capacity 6650K, committed 6656K, reserved 1048576K
}

